app/build/intermediates/manifest_merge_blame_file/release/manifest-merger-blame-release-report.txt
1<?xml version="1.0" encoding="utf-8"?>
2<manifest xmlns:android="http://schemas.android.com/apk/res/android"
3    package="com.befb.ustam"
4    android:versionCode="1"
5    android:versionName="1.0" >
6
7    <uses-sdk
8        android:minSdkVersion="21"
8-->src\main\AndroidManifest.xml
9        android:targetSdkVersion="31" />
9-->src\main\AndroidManifest.xml
10
11    <uses-permission android:name="android.permission.READ_EXTERNAL_STORAGE" />
11-->src\main\AndroidManifest.xml:5:5-80
11-->src\main\AndroidManifest.xml:5:22-77
12    <uses-permission android:name="android.permission.INTERNET" />
12-->[com.google.firebase:firebase-auth:21.0.1] AndroidManifest.xml:23:5-67
12-->[com.google.firebase:firebase-auth:21.0.1] AndroidManifest.xml:23:22-64
13    <uses-permission android:name="android.permission.ACCESS_NETWORK_STATE" />
13-->[com.google.firebase:firebase-auth:21.0.1] AndroidManifest.xml:24:5-79
13-->[com.google.firebase:firebase-auth:21.0.1] AndroidManifest.xml:24:22-76
14    <uses-permission android:name="android.permission.WAKE_LOCK" />
14-->[com.google.android.gms:play-services-measurement-api:20.1.0] AndroidManifest.xml:24:5-68
14-->[com.google.android.gms:play-services-measurement-api:20.1.0] AndroidManifest.xml:24:22-65
15    <uses-permission android:name="com.google.android.finsky.permission.BIND_GET_INSTALL_REFERRER_SERVICE" /> <!-- Include required permissions for Advertising Id -->
15-->[com.google.android.gms:play-services-measurement:20.1.0] AndroidManifest.xml:26:5-110
15-->[com.google.android.gms:play-services-measurement:20.1.0] AndroidManifest.xml:26:22-107
16    <uses-permission android:name="com.google.android.gms.permission.AD_ID" />
16-->[com.google.android.gms:play-services-ads-identifier:18.0.0] AndroidManifest.xml:23:5-79
16-->[com.google.android.gms:play-services-ads-identifier:18.0.0] AndroidManifest.xml:23:22-76
17
18    <application
18-->src\main\AndroidManifest.xml:7:5-47:19
19        android:allowBackup="true"
19-->src\main\AndroidManifest.xml:8:9-35
20        android:appComponentFactory="androidx.core.app.CoreComponentFactory"
20-->[androidx.core:core:1.7.0] AndroidManifest.xml:24:18-86
21        android:icon="@mipmap/ic_launcher"
21-->src\main\AndroidManifest.xml:9:9-43
22        android:label="@string/app_name"
22-->src\main\AndroidManifest.xml:10:9-41
23        android:roundIcon="@mipmap/ic_launcher_round"
23-->src\main\AndroidManifest.xml:11:9-54
24        android:supportsRtl="true"
24-->src\main\AndroidManifest.xml:12:9-35
25        android:theme="@style/Theme.Ustam" >
25-->src\main\AndroidManifest.xml:13:9-43
26        <activity
26-->src\main\AndroidManifest.xml:14:9-18:50
27            android:name="com.befb.ustam.TabbedActivity"
27-->src\main\AndroidManifest.xml:15:13-43
28            android:exported="true"
28-->src\main\AndroidManifest.xml:16:13-36
29            android:label="@string/title_activity_tabbed"
29-->src\main\AndroidManifest.xml:17:13-58
30            android:theme="@style/Theme.Ustam" />
30-->src\main\AndroidManifest.xml:18:13-47
31        <activity
31-->src\main\AndroidManifest.xml:19:9-21:40
32            android:name="com.befb.ustam.ui.ProfilePage.ProfilePageActivity"
32-->src\main\AndroidManifest.xml:20:13-63
33            android:exported="false" />
33-->src\main\AndroidManifest.xml:21:13-37
34        <activity
34-->src\main\AndroidManifest.xml:22:9-25:60
35            android:name="com.befb.ustam.MainPageActivity"
35-->src\main\AndroidManifest.xml:23:13-45
36            android:exported="true"
36-->src\main\AndroidManifest.xml:24:13-36
37            android:label="@string/title_activity_main2" />
37-->src\main\AndroidManifest.xml:25:13-57
38        <activity
38-->src\main\AndroidManifest.xml:26:9-28:40
39            android:name="com.befb.ustam.ui.ProfilePage.ProfileActivity"
39-->src\main\AndroidManifest.xml:27:13-59
40            android:exported="false" />
40-->src\main\AndroidManifest.xml:28:13-37
41        <activity
41-->src\main\AndroidManifest.xml:29:9-31:39
42            android:name="com.befb.ustam.UploadActivity"
42-->src\main\AndroidManifest.xml:30:13-43
43            android:exported="true" />
43-->src\main\AndroidManifest.xml:31:13-36
44        <activity
44-->src\main\AndroidManifest.xml:32:9-40:20
45            android:name="com.befb.ustam.LoginActivity"
45-->src\main\AndroidManifest.xml:33:13-42
46            android:exported="true" >
46-->src\main\AndroidManifest.xml:34:13-36
47            <intent-filter>
47-->src\main\AndroidManifest.xml:35:13-39:29
48                <action android:name="android.intent.action.MAIN" />
48-->src\main\AndroidManifest.xml:36:17-69
48-->src\main\AndroidManifest.xml:36:25-66
49
50                <category android:name="android.intent.category.LAUNCHER" />
50-->src\main\AndroidManifest.xml:38:17-77
50-->src\main\AndroidManifest.xml:38:27-74
51            </intent-filter>
52        </activity>
53        <activity
53-->src\main\AndroidManifest.xml:41:9-43:39
54            android:name="com.befb.ustam.MainActivity"
54-->src\main\AndroidManifest.xml:42:13-41
55            android:exported="true" />
55-->src\main\AndroidManifest.xml:43:13-36
56        <activity
56-->src\main\AndroidManifest.xml:44:9-46:39
57            android:name="com.befb.ustam.registerActivity"
57-->src\main\AndroidManifest.xml:45:13-45
58            android:exported="true" />
58-->src\main\AndroidManifest.xml:46:13-36
59        <activity
59-->[com.google.firebase:firebase-auth:21.0.1] AndroidManifest.xml:27:9-44:20
60            android:name="com.google.firebase.auth.internal.GenericIdpActivity"
60-->[com.google.firebase:firebase-auth:21.0.1] AndroidManifest.xml:28:13-80
61            android:excludeFromRecents="true"
61-->[com.google.firebase:firebase-auth:21.0.1] AndroidManifest.xml:29:13-46
62            android:exported="true"
62-->[com.google.firebase:firebase-auth:21.0.1] AndroidManifest.xml:30:13-36
63            android:launchMode="singleTask"
63-->[com.google.firebase:firebase-auth:21.0.1] AndroidManifest.xml:31:13-44
64            android:theme="@android:style/Theme.Translucent.NoTitleBar" >
64-->[com.google.firebase:firebase-auth:21.0.1] AndroidManifest.xml:32:13-72
65            <intent-filter>
65-->[com.google.firebase:firebase-auth:21.0.1] AndroidManifest.xml:33:13-43:29
66                <action android:name="android.intent.action.VIEW" />
66-->[com.google.firebase:firebase-auth:21.0.1] AndroidManifest.xml:34:17-69
66-->[com.google.firebase:firebase-auth:21.0.1] AndroidManifest.xml:34:25-66
67
68                <category android:name="android.intent.category.DEFAULT" />
68-->[com.google.firebase:firebase-auth:21.0.1] AndroidManifest.xml:36:17-76
68-->[com.google.firebase:firebase-auth:21.0.1] AndroidManifest.xml:36:27-73
69                <category android:name="android.intent.category.BROWSABLE" />
69-->[com.google.firebase:firebase-auth:21.0.1] AndroidManifest.xml:37:17-78
69-->[com.google.firebase:firebase-auth:21.0.1] AndroidManifest.xml:37:27-75
70
71                <data
71-->[com.google.firebase:firebase-auth:21.0.1] AndroidManifest.xml:39:17-42:51
72                    android:host="firebase.auth"
72-->[com.google.firebase:firebase-auth:21.0.1] AndroidManifest.xml:40:21-49
73                    android:path="/"
73-->[com.google.firebase:firebase-auth:21.0.1] AndroidManifest.xml:41:21-37
74                    android:scheme="genericidp" />
74-->[com.google.firebase:firebase-auth:21.0.1] AndroidManifest.xml:42:21-48
75            </intent-filter>
76        </activity>
77        <activity
77-->[com.google.firebase:firebase-auth:21.0.1] AndroidManifest.xml:45:9-62:20
78            android:name="com.google.firebase.auth.internal.RecaptchaActivity"
78-->[com.google.firebase:firebase-auth:21.0.1] AndroidManifest.xml:46:13-79
79            android:excludeFromRecents="true"
79-->[com.google.firebase:firebase-auth:21.0.1] AndroidManifest.xml:47:13-46
80            android:exported="true"
80-->[com.google.firebase:firebase-auth:21.0.1] AndroidManifest.xml:48:13-36
81            android:launchMode="singleTask"
81-->[com.google.firebase:firebase-auth:21.0.1] AndroidManifest.xml:49:13-44
82            android:theme="@android:style/Theme.Translucent.NoTitleBar" >
82-->[com.google.firebase:firebase-auth:21.0.1] AndroidManifest.xml:50:13-72
83            <intent-filter>
83-->[com.google.firebase:firebase-auth:21.0.1] AndroidManifest.xml:51:13-61:29
84                <action android:name="android.intent.action.VIEW" />
84-->[com.google.firebase:firebase-auth:21.0.1] AndroidManifest.xml:34:17-69
84-->[com.google.firebase:firebase-auth:21.0.1] AndroidManifest.xml:34:25-66
85
86                <category android:name="android.intent.category.DEFAULT" />
86-->[com.google.firebase:firebase-auth:21.0.1] AndroidManifest.xml:36:17-76
86-->[com.google.firebase:firebase-auth:21.0.1] AndroidManifest.xml:36:27-73
87                <category android:name="android.intent.category.BROWSABLE" />
87-->[com.google.firebase:firebase-auth:21.0.1] AndroidManifest.xml:37:17-78
87-->[com.google.firebase:firebase-auth:21.0.1] AndroidManifest.xml:37:27-75
88
89                <data
89-->[com.google.firebase:firebase-auth:21.0.1] AndroidManifest.xml:39:17-42:51
90                    android:host="firebase.auth"
90-->[com.google.firebase:firebase-auth:21.0.1] AndroidManifest.xml:40:21-49
91                    android:path="/"
91-->[com.google.firebase:firebase-auth:21.0.1] AndroidManifest.xml:41:21-37
92                    android:scheme="recaptcha" />
92-->[com.google.firebase:firebase-auth:21.0.1] AndroidManifest.xml:42:21-48
93            </intent-filter>
94        </activity>
95
96        <service
96-->[com.google.firebase:firebase-auth:21.0.1] AndroidManifest.xml:64:9-73:19
97            android:name="com.google.firebase.auth.api.fallback.service.FirebaseAuthFallbackService"
97-->[com.google.firebase:firebase-auth:21.0.1] AndroidManifest.xml:65:13-101
98            android:enabled="true"
98-->[com.google.firebase:firebase-auth:21.0.1] AndroidManifest.xml:66:13-35
99            android:exported="false" >
99-->[com.google.firebase:firebase-auth:21.0.1] AndroidManifest.xml:67:13-37
100            <intent-filter>
100-->[com.google.firebase:firebase-auth:21.0.1] AndroidManifest.xml:68:13-72:29
101                <action android:name="com.google.firebase.auth.api.gms.service.START" />
101-->[com.google.firebase:firebase-auth:21.0.1] AndroidManifest.xml:69:17-89
101-->[com.google.firebase:firebase-auth:21.0.1] AndroidManifest.xml:69:25-86
102
103                <category android:name="android.intent.category.DEFAULT" />
103-->[com.google.firebase:firebase-auth:21.0.1] AndroidManifest.xml:36:17-76
103-->[com.google.firebase:firebase-auth:21.0.1] AndroidManifest.xml:36:27-73
104            </intent-filter>
105        </service>
106        <service
106-->[com.google.firebase:firebase-auth:21.0.1] AndroidManifest.xml:74:9-80:19
107            android:name="com.google.firebase.components.ComponentDiscoveryService"
107-->[com.google.firebase:firebase-auth:21.0.1] AndroidManifest.xml:75:13-84
108            android:directBootAware="true"
108-->[com.google.firebase:firebase-common:20.0.0] AndroidManifest.xml:35:13-43
109            android:exported="false" >
109-->[com.google.firebase:firebase-auth:21.0.1] AndroidManifest.xml:76:13-37
110            <meta-data
110-->[com.google.firebase:firebase-auth:21.0.1] AndroidManifest.xml:77:13-79:85
111                android:name="com.google.firebase.components:com.google.firebase.auth.FirebaseAuthRegistrar"
111-->[com.google.firebase:firebase-auth:21.0.1] AndroidManifest.xml:78:17-109
112                android:value="com.google.firebase.components.ComponentRegistrar" />
112-->[com.google.firebase:firebase-auth:21.0.1] AndroidManifest.xml:79:17-82
113            <meta-data
113-->[com.google.firebase:firebase-firestore:24.0.1] AndroidManifest.xml:20:13-22:85
114                android:name="com.google.firebase.components:com.google.firebase.firestore.FirestoreRegistrar"
114-->[com.google.firebase:firebase-firestore:24.0.1] AndroidManifest.xml:21:17-111
115                android:value="com.google.firebase.components.ComponentRegistrar" />
115-->[com.google.firebase:firebase-firestore:24.0.1] AndroidManifest.xml:22:17-82
116            <meta-data
116-->[com.google.firebase:firebase-storage:20.0.0] AndroidManifest.xml:33:13-35:85
117                android:name="com.google.firebase.components:com.google.firebase.storage.StorageRegistrar"
117-->[com.google.firebase:firebase-storage:20.0.0] AndroidManifest.xml:34:17-107
118                android:value="com.google.firebase.components.ComponentRegistrar" />
118-->[com.google.firebase:firebase-storage:20.0.0] AndroidManifest.xml:35:17-82
119            <meta-data
119-->[com.google.firebase:firebase-database:20.0.3] AndroidManifest.xml:32:13-34:85
120                android:name="com.google.firebase.components:com.google.firebase.database.DatabaseRegistrar"
120-->[com.google.firebase:firebase-database:20.0.3] AndroidManifest.xml:33:17-109
121                android:value="com.google.firebase.components.ComponentRegistrar" />
121-->[com.google.firebase:firebase-database:20.0.3] AndroidManifest.xml:34:17-82
122            <meta-data
122-->[com.google.android.gms:play-services-measurement-api:20.1.0] AndroidManifest.xml:30:13-32:85
123                android:name="com.google.firebase.components:com.google.firebase.analytics.connector.internal.AnalyticsConnectorRegistrar"
123-->[com.google.android.gms:play-services-measurement-api:20.1.0] AndroidManifest.xml:31:17-139
124                android:value="com.google.firebase.components.ComponentRegistrar" />
124-->[com.google.android.gms:play-services-measurement-api:20.1.0] AndroidManifest.xml:32:17-82
125            <meta-data
125-->[com.google.firebase:firebase-installations:17.0.0] AndroidManifest.xml:18:13-20:85
126                android:name="com.google.firebase.components:com.google.firebase.installations.FirebaseInstallationsRegistrar"
126-->[com.google.firebase:firebase-installations:17.0.0] AndroidManifest.xml:19:17-127
127                android:value="com.google.firebase.components.ComponentRegistrar" />
127-->[com.google.firebase:firebase-installations:17.0.0] AndroidManifest.xml:20:17-82
128        </service>
129
130        <provider
130-->[com.squareup.picasso:picasso:2.71828] AndroidManifest.xml:8:9-11:40
131            android:name="com.squareup.picasso.PicassoProvider"
131-->[com.squareup.picasso:picasso:2.71828] AndroidManifest.xml:9:13-64
132            android:authorities="com.befb.ustam.com.squareup.picasso"
132-->[com.squareup.picasso:picasso:2.71828] AndroidManifest.xml:10:13-72
133            android:exported="false" />
133-->[com.squareup.picasso:picasso:2.71828] AndroidManifest.xml:11:13-37
134        <provider
134-->[com.google.firebase:firebase-common:20.0.0] AndroidManifest.xml:26:9-31:39
135            android:name="com.google.firebase.provider.FirebaseInitProvider"
135-->[com.google.firebase:firebase-common:20.0.0] AndroidManifest.xml:27:13-77
136            android:authorities="com.befb.ustam.firebaseinitprovider"
136-->[com.google.firebase:firebase-common:20.0.0] AndroidManifest.xml:28:13-72
137            android:directBootAware="true"
137-->[com.google.firebase:firebase-common:20.0.0] AndroidManifest.xml:29:13-43
138            android:exported="false"
138-->[com.google.firebase:firebase-common:20.0.0] AndroidManifest.xml:30:13-37
139            android:initOrder="100" />
139-->[com.google.firebase:firebase-common:20.0.0] AndroidManifest.xml:31:13-36
140
141        <activity
141-->[com.google.android.gms:play-services-base:17.1.0] AndroidManifest.xml:23:9-26:75
142            android:name="com.google.android.gms.common.api.GoogleApiActivity"
142-->[com.google.android.gms:play-services-base:17.1.0] AndroidManifest.xml:24:13-79
143            android:exported="false"
143-->[com.google.android.gms:play-services-base:17.1.0] AndroidManifest.xml:25:13-37
144            android:theme="@android:style/Theme.Translucent.NoTitleBar" />
144-->[com.google.android.gms:play-services-base:17.1.0] AndroidManifest.xml:26:13-72
145
146        <receiver
146-->[com.google.android.gms:play-services-measurement:20.1.0] AndroidManifest.xml:29:9-33:20
147            android:name="com.google.android.gms.measurement.AppMeasurementReceiver"
147-->[com.google.android.gms:play-services-measurement:20.1.0] AndroidManifest.xml:30:13-85
148            android:enabled="true"
148-->[com.google.android.gms:play-services-measurement:20.1.0] AndroidManifest.xml:31:13-35
149            android:exported="false" >
149-->[com.google.android.gms:play-services-measurement:20.1.0] AndroidManifest.xml:32:13-37
150        </receiver>
151
152        <service
152-->[com.google.android.gms:play-services-measurement:20.1.0] AndroidManifest.xml:35:9-38:40
153            android:name="com.google.android.gms.measurement.AppMeasurementService"
153-->[com.google.android.gms:play-services-measurement:20.1.0] AndroidManifest.xml:36:13-84
154            android:enabled="true"
154-->[com.google.android.gms:play-services-measurement:20.1.0] AndroidManifest.xml:37:13-35
155            android:exported="false" />
155-->[com.google.android.gms:play-services-measurement:20.1.0] AndroidManifest.xml:38:13-37
156        <service
156-->[com.google.android.gms:play-services-measurement:20.1.0] AndroidManifest.xml:39:9-43:72
157            android:name="com.google.android.gms.measurement.AppMeasurementJobService"
157-->[com.google.android.gms:play-services-measurement:20.1.0] AndroidManifest.xml:40:13-87
158            android:enabled="true"
158-->[com.google.android.gms:play-services-measurement:20.1.0] AndroidManifest.xml:41:13-35
159            android:exported="false"
159-->[com.google.android.gms:play-services-measurement:20.1.0] AndroidManifest.xml:42:13-37
160            android:permission="android.permission.BIND_JOB_SERVICE" />
160-->[com.google.android.gms:play-services-measurement:20.1.0] AndroidManifest.xml:43:13-69
161
162        <meta-data
162-->[com.google.android.gms:play-services-basement:18.0.0] AndroidManifest.xml:21:9-23:69
163            android:name="com.google.android.gms.version"
163-->[com.google.android.gms:play-services-basement:18.0.0] AndroidManifest.xml:22:13-58
164            android:value="@integer/google_play_services_version" />
164-->[com.google.android.gms:play-services-basement:18.0.0] AndroidManifest.xml:23:13-66
165
166        <provider
166-->[androidx.emoji2:emoji2:1.0.0] AndroidManifest.xml:26:9-34:20
167            android:name="androidx.startup.InitializationProvider"
167-->[androidx.emoji2:emoji2:1.0.0] AndroidManifest.xml:27:13-67
168            android:authorities="com.befb.ustam.androidx-startup"
168-->[androidx.emoji2:emoji2:1.0.0] AndroidManifest.xml:28:13-68
169            android:exported="false" >
169-->[androidx.emoji2:emoji2:1.0.0] AndroidManifest.xml:29:13-37
170            <meta-data
170-->[androidx.emoji2:emoji2:1.0.0] AndroidManifest.xml:31:13-33:52
171                android:name="androidx.emoji2.text.EmojiCompatInitializer"
171-->[androidx.emoji2:emoji2:1.0.0] AndroidManifest.xml:32:17-75
172                android:value="androidx.startup" />
172-->[androidx.emoji2:emoji2:1.0.0] AndroidManifest.xml:33:17-49
173            <meta-data
173-->[androidx.lifecycle:lifecycle-process:2.4.0] AndroidManifest.xml:31:13-33:52
174                android:name="androidx.lifecycle.ProcessLifecycleInitializer"
174-->[androidx.lifecycle:lifecycle-process:2.4.0] AndroidManifest.xml:32:17-78
175                android:value="androidx.startup" />
175-->[androidx.lifecycle:lifecycle-process:2.4.0] AndroidManifest.xml:33:17-49
176        </provider>
177
178        <uses-library
178-->[androidx.window:window:1.0.0] AndroidManifest.xml:25:9-27:40
179            android:name="androidx.window.extensions"
179-->[androidx.window:window:1.0.0] AndroidManifest.xml:26:13-54
180            android:required="false" />
180-->[androidx.window:window:1.0.0] AndroidManifest.xml:27:13-37
181        <uses-library
181-->[androidx.window:window:1.0.0] AndroidManifest.xml:28:9-30:40
182            android:name="androidx.window.sidecar"
182-->[androidx.window:window:1.0.0] AndroidManifest.xml:29:13-51
183            android:required="false" />
183-->[androidx.window:window:1.0.0] AndroidManifest.xml:30:13-37
184    </application>
185
186</manifest>